<?xml version="1.0" encoding="UTF-8"?>
<!-- Generated by org.testng.reporters.JUnitReportReporter -->
<testsuite hostname="DERIW50N0099" failures="0" tests="1" name="com.zensar.automation.framework.driver.MobileDriver" time="28.989" errors="0" timestamp="2023-07-17T22:57:39 IST" skipped="0">
  <testcase classname="com.zensar.automation.framework.driver.MobileDriver" name="test" time="28.989"/>
</testsuite> <!-- com.zensar.automation.framework.driver.MobileDriver -->
