<?xml version="1.0" encoding="UTF-8"?>
<!-- Generated by org.testng.reporters.JUnitReportReporter -->
<testsuite hostname="DERIW50N0099" failures="0" tests="1" name="com.zensar.automation.framework.driver.DesktopDriver" time="538.390" errors="0" timestamp="2023-04-20T19:19:17 IST" skipped="0">
  <testcase classname="com.zensar.automation.framework.driver.DesktopDriver" name="test" time="538.390"/>
  <system-out/>
</testsuite> <!-- com.zensar.automation.framework.driver.DesktopDriver -->
